<?xml version="1.0" encoding="UTF-8"?>
<!-- Generated by org.testng.reporters.JUnitReportReporter -->
<testsuite skipped="0" hostname="LAPTOP-43J61F2D" name="com.demoaut.newtours.testcases.LoginPageTest" tests="3" failures="0" timestamp="2020-04-30T20:18:11 IST" time="91.631" errors="0">
  <testcase name="loginTest" time="31.713" classname="com.demoaut.newtours.testcases.LoginPageTest"/>
  <system-out/>
  <testcase name="loginTest" time="31.453" classname="com.demoaut.newtours.testcases.LoginPageTest"/>
  <system-out/>
  <testcase name="loginTest" time="28.465" classname="com.demoaut.newtours.testcases.LoginPageTest"/>
  <system-out/>
</testsuite> <!-- com.demoaut.newtours.testcases.LoginPageTest -->
